<?xml version="1.0" encoding="UTF-8"?>
<!-- Generated by org.testng.reporters.JUnitReportReporter -->
<testsuite hostname="MUKIL" failures="0" tests="1" name="selenium.Seleniumtest" time="42.712" errors="0" timestamp="2023-09-26T20:10:01 IST" skipped="0">
  <testcase classname="selenium.Seleniumtest" name="amazon_app" time="42.712"/>
</testsuite> <!-- selenium.Seleniumtest -->
